<?xml version="1.0" encoding="UTF-8" ?>
<testsuite tests="2" failures="1" name="edu.pitt.cs.StringOpsTest" time="0.131" errors="0" skipped="0">
  <properties>
[...]
</properties>
  <testcase classname="edu.pitt.cs.StringOpsTest" name="testEquals" time="0.106"/>
  <testcase classname="edu.pitt.cs.StringOpsTest" name="testIsValidHTMLTrue" time="0.025">
    <failure message="Property named &apos;testIsValidHTMLTrue&apos; failed:
With arguments: [&lt;i&gt;&lt;i&gt;&lt;/i&gt;&lt;i&gt;&lt;b&gt;&lt;/b&gt;&lt;/i&gt;&lt;b&gt;&lt;b&gt;&lt;/b&gt;&lt;i&gt;&lt;/i&gt;&lt;b&gt;&lt;b&gt;&lt;/b&gt;&lt;i&gt;&lt;/i&gt;&lt;/b&gt;&lt;/b&gt;&lt;/i&gt;]
Seeds for reproduction: [2477381542838746862]" type="java.lang.AssertionError">java.lang.AssertionError: Property named &apos;testIsValidHTMLTrue&apos; failed:
With arguments: [&lt;i&gt;&lt;i&gt;&lt;/i&gt;&lt;i&gt;&lt;b&gt;&lt;/b&gt;&lt;/i&gt;&lt;b&gt;&lt;b&gt;&lt;/b&gt;&lt;i&gt;&lt;/i&gt;&lt;b&gt;&lt;b&gt;&lt;/b&gt;&lt;i&gt;&lt;/i&gt;&lt;/b&gt;&lt;/b&gt;&lt;/i&gt;]
Seeds for reproduction: [2477381542838746862]
	at com.pholser.junit.quickcheck.runner.PropertyFalsified.counterexampleFound(PropertyFalsified.java:52)
	at com.pholser.junit.quickcheck.runner.ShrinkNode.fail(ShrinkNode.java:117)
	at com.pholser.junit.quickcheck.runner.Shrinker.shrink(Shrinker.java:90)
	at com.pholser.junit.quickcheck.runner.PropertyStatement.shrink(PropertyStatement.java:177)
	at com.pholser.junit.quickcheck.runner.PropertyStatement.lambda$property$3(PropertyStatement.java:154)
	at com.pholser.junit.quickcheck.runner.PropertyVerifier$1.evaluate(PropertyVerifier.java:87)
	at com.pholser.junit.quickcheck.runner.PropertyVerifier.verify(PropertyVerifier.java:68)
	at com.pholser.junit.quickcheck.runner.PropertyStatement.evaluate(PropertyStatement.java:107)
	at org.junit.runners.BlockJUnit4ClassRunner$1.evaluate(BlockJUnit4ClassRunner.java:100)
	at org.junit.runners.ParentRunner.runLeaf(ParentRunner.java:366)
	at org.junit.runners.BlockJUnit4ClassRunner.runChild(BlockJUnit4ClassRunner.java:103)
	at org.junit.runners.BlockJUnit4ClassRunner.runChild(BlockJUnit4ClassRunner.java:63)
	at org.junit.runners.ParentRunner$4.run(ParentRunner.java:331)
	at org.junit.runners.ParentRunner$1.schedule(ParentRunner.java:79)
	at org.junit.runners.ParentRunner.runChildren(ParentRunner.java:329)
	at org.junit.runners.ParentRunner.access$100(ParentRunner.java:66)
	at org.junit.runners.ParentRunner$2.evaluate(ParentRunner.java:293)
	at org.junit.runners.ParentRunner$3.evaluate(ParentRunner.java:306)
	at org.junit.runners.ParentRunner.run(ParentRunner.java:413)
	at org.apache.maven.surefire.junit4.JUnit4Provider.execute(JUnit4Provider.java:252)
	at org.apache.maven.surefire.junit4.JUnit4Provider.executeTestSet(JUnit4Provider.java:141)
	at org.apache.maven.surefire.junit4.JUnit4Provider.invoke(JUnit4Provider.java:112)
	at java.base/jdk.internal.reflect.NativeMethodAccessorImpl.invoke0(Native Method)
	at java.base/jdk.internal.reflect.NativeMethodAccessorImpl.invoke(NativeMethodAccessorImpl.java:62)
	at java.base/jdk.internal.reflect.DelegatingMethodAccessorImpl.invoke(DelegatingMethodAccessorImpl.java:43)
	at java.base/java.lang.reflect.Method.invoke(Method.java:566)
	at org.apache.maven.surefire.util.ReflectionUtils.invokeMethodWithArray(ReflectionUtils.java:189)
	at org.apache.maven.surefire.booter.ProviderFactory$ProviderProxy.invoke(ProviderFactory.java:165)
	at org.apache.maven.surefire.booter.ProviderFactory.invokeProvider(ProviderFactory.java:85)
	at org.apache.maven.surefire.booter.ForkedBooter.runSuitesInProcess(ForkedBooter.java:115)
	at org.apache.maven.surefire.booter.ForkedBooter.main(ForkedBooter.java:75)
Caused by: java.lang.AssertionError
	at org.junit.Assert.fail(Assert.java:87)
	at org.junit.Assert.assertTrue(Assert.java:42)
	at org.junit.Assert.assertTrue(Assert.java:53)
	at edu.pitt.cs.StringOpsTest.testIsValidHTMLTrue(StringOpsTest.java:36)
	at java.base/jdk.internal.reflect.NativeMethodAccessorImpl.invoke0(Native Method)
	at java.base/jdk.internal.reflect.NativeMethodAccessorImpl.invoke(NativeMethodAccessorImpl.java:62)
	at java.base/jdk.internal.reflect.DelegatingMethodAccessorImpl.invoke(DelegatingMethodAccessorImpl.java:43)
	at java.base/java.lang.reflect.Method.invoke(Method.java:566)
	at org.junit.runners.model.FrameworkMethod$1.runReflectiveCall(FrameworkMethod.java:59)
	at org.junit.internal.runners.model.ReflectiveCallable.run(ReflectiveCallable.java:12)
	at org.junit.runners.model.FrameworkMethod.invokeExplosively(FrameworkMethod.java:56)
	at com.pholser.junit.quickcheck.runner.PropertyVerifier$2.evaluate(PropertyVerifier.java:107)
	at org.junit.runners.ParentRunner$3.evaluate(ParentRunner.java:306)
	at com.pholser.junit.quickcheck.runner.PropertyVerifier$1.evaluate(PropertyVerifier.java:76)
	... 25 more
</failure>
  </testcase>
</testsuite>