# JRE version: Java(TM) SE Runtime Environment (8.0_231-b11) (build 1.8.0_231-b11)
# Java VM: Java HotSpot(TM) 64-Bit Server VM (25.231-b11 mixed mode windows-amd64 compressed oops)
Heap:
 PSYoungGen      total 3487744K, used 3396738K [0x000000066be00000, 0x00000007c0000000, 0x00000007c0000000)
  eden space 3228672K, 100% used [0x000000066be00000,0x0000000730f00000,0x0000000730f00000)
  from space 259072K, 64% used [0x0000000730f00000,0x000000073b320b18,0x0000000740c00000)
  to   space 265728K, 19% used [0x00000007afc80000,0x00000007b2eca338,0x00000007c0000000)
 ParOldGen       total 697856K, used 474363K [0x00000003c3a00000, 0x00000003ee380000, 0x000000066be00000)
  object space 697856K, 67% used [0x00000003c3a00000,0x00000003e0942da0,0x00000003ee380000)
 Metaspace       used 9196K, capacity 9408K, committed 9600K, reserved 1058816K
  class space    used 1050K, capacity 1115K, committed 1152K, reserved 1048576K
GC Heap History (10 events):
Event: 4.333 GC heap after
Heap after GC invocations=7 (full 0):
 PSYoungGen      total 1133056K, used 93686K [0x000000066be00000, 0x00000006fa100000, 0x00000007c0000000)
  eden space 1039360K, 0% used [0x000000066be00000,0x000000066be00000,0x00000006ab500000)
  from space 93696K, 99% used [0x00000006ab500000,0x00000006b107d998,0x00000006b1080000)
  to   space 125440K, 0% used [0x00000006f2680000,0x00000006f2680000,0x00000006fa100000)
 ParOldGen       total 697856K, used 95507K [0x00000003c3a00000, 0x00000003ee380000, 0x000000066be00000)
  object space 697856K, 13% used [0x00000003c3a00000,0x00000003c9744d00,0x00000003ee380000)
 Metaspace       used 9195K, capacity 9408K, committed 9600K, reserved 1058816K
  class space    used 1050K, capacity 1115K, committed 1152K, reserved 1048576K
}
Event: 4.994 GC heap before
{Heap before GC invocations=8 (full 0):
 PSYoungGen      total 1133056K, used 1133046K [0x000000066be00000, 0x00000006fa100000, 0x00000007c0000000)
  eden space 1039360K, 100% used [0x000000066be00000,0x00000006ab500000,0x00000006ab500000)
  from space 93696K, 99% used [0x00000006ab500000,0x00000006b107d998,0x00000006b1080000)
  to   space 125440K, 0% used [0x00000006f2680000,0x00000006f2680000,0x00000006fa100000)
 ParOldGen       total 697856K, used 95507K [0x00000003c3a00000, 0x00000003ee380000, 0x000000066be00000)
  object space 697856K, 13% used [0x00000003c3a00000,0x00000003c9744d00,0x00000003ee380000)
 Metaspace       used 9195K, capacity 9408K, committed 9600K, reserved 1058816K
  class space    used 1050K, capacity 1115K, committed 1152K, reserved 1048576K
Event: 5.024 GC heap after
Heap after GC invocations=8 (full 0):
 PSYoungGen      total 2174976K, used 125431K [0x000000066be00000, 0x00000006fda00000, 0x00000007c0000000)
  eden space 2049536K, 0% used [0x000000066be00000,0x000000066be00000,0x00000006e8f80000)
  from space 125440K, 99% used [0x00000006f2680000,0x00000006fa0fddf0,0x00000006fa100000)
  to   space 154624K, 0% used [0x00000006e8f80000,0x00000006e8f80000,0x00000006f2680000)
 ParOldGen       total 697856K, used 118842K [0x00000003c3a00000, 0x00000003ee380000, 0x000000066be00000)
  object space 697856K, 17% used [0x00000003c3a00000,0x00000003cae0e828,0x00000003ee380000)
 Metaspace       used 9195K, capacity 9408K, committed 9600K, reserved 1058816K
  class space    used 1050K, capacity 1115K, committed 1152K, reserved 1048576K
}
Event: 6.389 GC heap before
{Heap before GC invocations=9 (full 0):
 PSYoungGen      total 2174976K, used 2174967K [0x000000066be00000, 0x00000006fda00000, 0x00000007c0000000)
  eden space 2049536K, 100% used [0x000000066be00000,0x00000006e8f80000,0x00000006e8f80000)
  from space 125440K, 99% used [0x00000006f2680000,0x00000006fa0fddf0,0x00000006fa100000)
  to   space 154624K, 0% used [0x00000006e8f80000,0x00000006e8f80000,0x00000006f2680000)
 ParOldGen       total 697856K, used 118842K [0x00000003c3a00000, 0x00000003ee380000, 0x000000066be00000)
  object space 697856K, 17% used [0x00000003c3a00000,0x00000003cae0e828,0x00000003ee380000)
 Metaspace       used 9196K, capacity 9408K, committed 9600K, reserved 1058816K
  class space    used 1050K, capacity 1115K, committed 1152K, reserved 1048576K
Event: 6.430 GC heap after
Heap after GC invocations=9 (full 0):
 PSYoungGen      total 2204160K, used 154611K [0x000000066be00000, 0x000000074d780000, 0x00000007c0000000)
  eden space 2049536K, 0% used [0x000000066be00000,0x000000066be00000,0x00000006e8f80000)
  from space 154624K, 99% used [0x00000006e8f80000,0x00000006f267ce70,0x00000006f2680000)
  to   space 208384K, 0% used [0x0000000740c00000,0x0000000740c00000,0x000000074d780000)
 ParOldGen       total 697856K, used 194816K [0x00000003c3a00000, 0x00000003ee380000, 0x000000066be00000)
  object space 697856K, 27% used [0x00000003c3a00000,0x00000003cf840090,0x00000003ee380000)
 Metaspace       used 9196K, capacity 9408K, committed 9600K, reserved 1058816K
  class space    used 1050K, capacity 1115K, committed 1152K, reserved 1048576K
}
Event: 7.455 GC heap before
{Heap before GC invocations=10 (full 0):
 PSYoungGen      total 2204160K, used 2204147K [0x000000066be00000, 0x000000074d780000, 0x00000007c0000000)
  eden space 2049536K, 100% used [0x000000066be00000,0x00000006e8f80000,0x00000006e8f80000)
  from space 154624K, 99% used [0x00000006e8f80000,0x00000006f267ce70,0x00000006f2680000)
  to   space 208384K, 0% used [0x0000000740c00000,0x0000000740c00000,0x000000074d780000)
 ParOldGen       total 697856K, used 194816K [0x00000003c3a00000, 0x00000003ee380000, 0x000000066be00000)
  object space 697856K, 27% used [0x00000003c3a00000,0x00000003cf840090,0x00000003ee380000)
 Metaspace       used 9196K, capacity 9408K, committed 9600K, reserved 1058816K
  class space    used 1050K, capacity 1115K, committed 1152K, reserved 1048576K
Event: 7.498 GC heap after
Heap after GC invocations=10 (full 0):
 PSYoungGen      total 3437056K, used 208369K [0x000000066be00000, 0x0000000753a80000, 0x00000007c0000000)
  eden space 3228672K, 0% used [0x000000066be00000,0x000000066be00000,0x0000000730f00000)
  from space 208384K, 99% used [0x0000000740c00000,0x000000074d77c4e8,0x000000074d780000)
  to   space 259072K, 0% used [0x0000000730f00000,0x0000000730f00000,0x0000000740c00000)
 ParOldGen       total 697856K, used 246591K [0x00000003c3a00000, 0x00000003ee380000, 0x000000066be00000)
  object space 697856K, 35% used [0x00000003c3a00000,0x00000003d2acfd50,0x00000003ee380000)
 Metaspace       used 9196K, capacity 9408K, committed 9600K, reserved 1058816K
  class space    used 1050K, capacity 1115K, committed 1152K, reserved 1048576K
}
Event: 9.203 GC heap before
{Heap before GC invocations=11 (full 0):
 PSYoungGen      total 3437056K, used 3437041K [0x000000066be00000, 0x0000000753a80000, 0x00000007c0000000)
  eden space 3228672K, 100% used [0x000000066be00000,0x0000000730f00000,0x0000000730f00000)
  from space 208384K, 99% used [0x0000000740c00000,0x000000074d77c4e8,0x000000074d780000)
  to   space 259072K, 0% used [0x0000000730f00000,0x0000000730f00000,0x0000000740c00000)
 ParOldGen       total 697856K, used 246591K [0x00000003c3a00000, 0x00000003ee380000, 0x000000066be00000)
  object space 697856K, 35% used [0x00000003c3a00000,0x00000003d2acfd50,0x00000003ee380000)
 Metaspace       used 9196K, capacity 9408K, committed 9600K, reserved 1058816K
  class space    used 1050K, capacity 1115K, committed 1152K, reserved 1048576K
Event: 9.263 GC heap after
Heap after GC invocations=11 (full 0):
 PSYoungGen      total 3487744K, used 168066K [0x000000066be00000, 0x00000007c0000000, 0x00000007c0000000)
  eden space 3228672K, 0% used [0x000000066be00000,0x000000066be00000,0x0000000730f00000)
  from space 259072K, 64% used [0x0000000730f00000,0x000000073b320b18,0x0000000740c00000)
  to   space 265728K, 0% used [0x00000007afc80000,0x00000007afc80000,0x00000007c0000000)
 ParOldGen       total 697856K, used 452547K [0x00000003c3a00000, 0x00000003ee380000, 0x000000066be00000)
  object space 697856K, 64% used [0x00000003c3a00000,0x00000003df3f0d90,0x00000003ee380000)
 Metaspace       used 9196K, capacity 9408K, committed 9600K, reserved 1058816K
  class space    used 1050K, capacity 1115K, committed 1152K, reserved 1048576K
}
Event: 10.666 GC heap before
{Heap before GC invocations=12 (full 0):
 PSYoungGen      total 3487744K, used 3396738K [0x000000066be00000, 0x00000007c0000000, 0x00000007c0000000)
  eden space 3228672K, 100% used [0x000000066be00000,0x0000000730f00000,0x0000000730f00000)
  from space 259072K, 64% used [0x0000000730f00000,0x000000073b320b18,0x0000000740c00000)
  to   space 265728K, 0% used [0x00000007afc80000,0x00000007afc80000,0x00000007c0000000)
 ParOldGen       total 697856K, used 452547K [0x00000003c3a00000, 0x00000003ee380000, 0x000000066be00000)
  object space 697856K, 64% used [0x00000003c3a00000,0x00000003df3f0d90,0x00000003ee380000)
 Metaspace       used 9196K, capacity 9408K, committed 9600K, reserved 1058816K
  class space    used 1050K, capacity 1115K, committed 1152K, reserved 1048576K

